ES2RT linker log file created on martes, 26 de junio de 2018 10:22:18 a.m.

Linking...
User Info - Resource Id [ NrOfTags ], caused in [ LinkerVar ]
User Warning - Resource Id [ Values.Exceeded ], containing object type [ MESSAGE_ALARMS_MESSAGE ]
User Warning - Resource Id [ Values.Exceeded ], containing object type [ MESSAGE_ALARMS_MESSAGE ]
User Warning - Resource Id [ Values.Exceeded ], containing object type [ MESSAGE_ALARMS_MESSAGE ]
User Warning - Resource Id [ Values.Exceeded ], containing object type [ MESSAGE_ALARMS_MESSAGE ]
User Warning - Resource Id [ Values.Exceeded ], containing object type [ MESSAGE_ALARMS_MESSAGE ]
User Warning - Resource Id [ Values.Exceeded ], containing object type [ MESSAGE_ALARMS_MESSAGE ]
User Warning - Resource Id [ Values.Exceeded ], containing object type [ MESSAGE_ALARMS_MESSAGE ]
User Warning - Resource Id [ Values.Exceeded ], containing object type [ MESSAGE_ALARMS_MESSAGE ]
User Warning - Resource Id [ Values.Exceeded ], containing object type [ MESSAGE_ALARMS_MESSAGE ]
User Warning - Resource Id [ Values.Exceeded ], containing object type [ MESSAGE_ALARMS_MESSAGE ]
User Warning - Resource Id [ Values.Exceeded ], containing object type [ MESSAGE_ALARMS_MESSAGE ]
User Warning - Resource Id [ Values.Exceeded ], containing object type [ MESSAGE_ALARMS_MESSAGE ]
User Warning - Resource Id [ Values.Exceeded ], containing object type [ MESSAGE_ALARMS_MESSAGE ]
User Warning - Resource Id [ Values.Exceeded ], containing object type [ MESSAGE_ALARMS_MESSAGE ]
User Warning - Resource Id [ AnimationVisibilityWithoutTag ], containing object type [ DYNAMIC_DUMMY_HATCH ]
User Warning - Resource Id [ Values.Exceeded ], containing object type [ MESSAGE_ALARMS_MESSAGE ]
User Warning - Resource Id [ Values.Exceeded ], containing object type [ MESSAGE_ALARMS_MESSAGE ]
User Warning - Resource Id [ Values.Exceeded ], containing object type [ MESSAGE_ALARMS_MESSAGE ]
User Warning - Resource Id [ AnimationVisibilityWithoutTag ], containing object type [ DYNAMIC_DUMMY_HATCH ]
User Warning - Resource Id [ Values.Exceeded ], containing object type [ MESSAGE_ALARMS_MESSAGE ]
User Warning - Resource Id [ Values.Exceeded ], containing object type [ MESSAGE_ALARMS_MESSAGE ]
User Warning - Resource Id [ Values.Exceeded ], containing object type [ MESSAGE_ALARMS_MESSAGE ]
User Warning - Resource Id [ Values.Exceeded ], containing object type [ MESSAGE_ALARMS_MESSAGE ]
User Warning - Resource Id [ Values.Exceeded ], containing object type [ MESSAGE_ALARMS_MESSAGE ]
User Warning - Resource Id [ Values.Exceeded ], containing object type [ MESSAGE_ALARMS_MESSAGE ]
User Warning - Resource Id [ Values.Exceeded ], containing object type [ MESSAGE_ALARMS_MESSAGE ]
User Warning - Resource Id [ Values.Exceeded ], containing object type [ MESSAGE_ALARMS_MESSAGE ]
User Warning - Resource Id [ Values.Exceeded ], containing object type [ MESSAGE_ALARMS_MESSAGE ]
User Warning - Resource Id [ Values.Exceeded ], containing object type [ MESSAGE_ALARMS_MESSAGE ]
User Warning - Resource Id [ Values.Exceeded ], containing object type [ MESSAGE_ALARMS_MESSAGE ]
User Warning - Resource Id [ TriggerTag.Deleted ], containing object type [ RT_MSG_ANALOGCREATOR ]
User Warning - Resource Id [ Values.Exceeded ], containing object type [ MESSAGE_ALARMS_MESSAGE ]
User Warning - Resource Id [ Values.Exceeded ], containing object type [ MESSAGE_ALARMS_MESSAGE ]
User Warning - Resource Id [ Values.Exceeded ], containing object type [ MESSAGE_ALARMS_MESSAGE ]
User Info - Resource Id [ NumberPowerTags ], caused in [ LinkerLicense ]
User Info - Resource Id [ RequiredLicense ], caused in [ LinkerLicense ]
User Info - Resource Id [ RequiredLicense ], caused in [ LinkerLicense ]
User Warning - Resource Id [ Textlexicon.NotFound ], caused in [ Linker2AlarmS ]
User Warning - Resource Id [ Textlexicon.NotFound ], caused in [ Linker2AlarmS ]
User Warning - Resource Id [ Textlexicon.NotFound ], caused in [ Linker2AlarmS ]
User Warning - Resource Id [ Textlexicon.NotFound ], caused in [ Linker2AlarmS ]
User Warning - Resource Id [ Textlexicon.NotFound ], caused in [ Linker2AlarmS ]
User Warning - Resource Id [ Textlexicon.NotFound ], caused in [ Linker2AlarmS ]
User Warning - Resource Id [ Textlexicon.NotFound ], caused in [ Linker2AlarmS ]
User Warning - Resource Id [ Textlexicon.NotFound ], caused in [ Linker2AlarmS ]
User Warning - Resource Id [ Textlexicon.NotFound ], caused in [ Linker2AlarmS ]
User Warning - Resource Id [ Textlexicon.NotFound ], caused in [ Linker2AlarmS ]
User Warning - Resource Id [ Textlexicon.NotFound ], caused in [ Linker2AlarmS ]
User Warning - Resource Id [ Textlexicon.NotFound ], caused in [ Linker2AlarmS ]
User Warning - Resource Id [ Textlexicon.NotFound ], caused in [ Linker2AlarmS ]
User Warning - Resource Id [ Textlexicon.NotFound ], caused in [ Linker2AlarmS ]
User Warning - Resource Id [ Textlexicon.NotFound ], caused in [ Linker2AlarmS ]
User Warning - Resource Id [ Textlexicon.NotFound ], caused in [ Linker2AlarmS ]
User Warning - Resource Id [ Textlexicon.NotFound ], caused in [ Linker2AlarmS ]
User Warning - Resource Id [ Textlexicon.NotFound ], caused in [ Linker2AlarmS ]
User Warning - Resource Id [ Textlexicon.NotFound ], caused in [ Linker2AlarmS ]
User Warning - Resource Id [ Textlexicon.NotFound ], caused in [ Linker2AlarmS ]
User Warning - Resource Id [ Textlexicon.NotFound ], caused in [ Linker2AlarmS ]
User Warning - Resource Id [ Textlexicon.NotFound ], caused in [ Linker2AlarmS ]
User Warning - Resource Id [ Textlexicon.NotFound ], caused in [ Linker2AlarmS ]
User Warning - Resource Id [ Textlexicon.NotFound ], caused in [ Linker2AlarmS ]
User Warning - Resource Id [ Textlexicon.NotFound ], caused in [ Linker2AlarmS ]
User Warning - Resource Id [ Textlexicon.NotFound ], caused in [ Linker2AlarmS ]
User Warning - Resource Id [ Textlexicon.NotFound ], caused in [ Linker2AlarmS ]
User Warning - Resource Id [ Textlexicon.NotFound ], caused in [ Linker2AlarmS ]
User Warning - Resource Id [ Textlexicon.NotFound ], caused in [ Linker2AlarmS ]
User Warning - Resource Id [ Textlexicon.NotFound ], caused in [ Linker2AlarmS ]
User Warning - Resource Id [ Textlexicon.NotFound ], caused in [ Linker2AlarmS ]
User Warning - Resource Id [ Textlexicon.NotFound ], caused in [ Linker2AlarmS ]
User Warning - Resource Id [ Textlexicon.NotFound ], caused in [ Linker2AlarmS ]
User Warning - Resource Id [ Textlexicon.NotFound ], caused in [ Linker2AlarmS ]
User Warning - Resource Id [ Textlexicon.NotFound ], caused in [ Linker2AlarmS ]
User Warning - Resource Id [ Textlexicon.NotFound ], caused in [ Linker2AlarmS ]
User Warning - Resource Id [ Textlexicon.NotFound ], caused in [ Linker2AlarmS ]
User Warning - Resource Id [ Textlexicon.NotFound ], caused in [ Linker2AlarmS ]
User Warning - Resource Id [ Textlexicon.NotFound ], caused in [ Linker2AlarmS ]
User Warning - Resource Id [ Textlexicon.NotFound ], caused in [ Linker2AlarmS ]
User Warning - Resource Id [ Textlexicon.NotFound ], caused in [ Linker2AlarmS ]
User Warning - Resource Id [ Textlexicon.NotFound ], caused in [ Linker2AlarmS ]
User Warning - Resource Id [ Textlexicon.NotFound ], caused in [ Linker2AlarmS ]
User Warning - Resource Id [ Textlexicon.NotFound ], caused in [ Linker2AlarmS ]
User Warning - Resource Id [ Textlexicon.NotFound ], caused in [ Linker2AlarmS ]
User Warning - Resource Id [ Textlexicon.NotFound ], caused in [ Linker2AlarmS ]
User Warning - Resource Id [ Textlexicon.NotFound ], caused in [ Linker2AlarmS ]
User Warning - Resource Id [ Textlexicon.NotFound ], caused in [ Linker2AlarmS ]
User Warning - Resource Id [ Textlexicon.NotFound ], caused in [ Linker2AlarmS ]
User Warning - Resource Id [ Textlexicon.NotFound ], caused in [ Linker2AlarmS ]
User Warning - Resource Id [ Textlexicon.NotFound ], caused in [ Linker2AlarmS ]
User Warning - Resource Id [ Textlexicon.NotFound ], caused in [ Linker2AlarmS ]
User Warning - Resource Id [ Textlexicon.NotFound ], caused in [ Linker2AlarmS ]
User Warning - Resource Id [ Textlexicon.NotFound ], caused in [ Linker2AlarmS ]
User Warning - Resource Id [ Textlexicon.NotFound ], caused in [ Linker2AlarmS ]
User Warning - Resource Id [ Textlexicon.NotFound ], caused in [ Linker2AlarmS ]
User Warning - Resource Id [ Textlexicon.NotFound ], caused in [ Linker2AlarmS ]
User Warning - Resource Id [ Textlexicon.NotFound ], caused in [ Linker2AlarmS ]
User Warning - Resource Id [ Textlexicon.NotFound ], caused in [ Linker2AlarmS ]
User Warning - Resource Id [ Textlexicon.NotFound ], caused in [ Linker2AlarmS ]
User Warning - Resource Id [ Textlexicon.NotFound ], caused in [ Linker2AlarmS ]
User Warning - Resource Id [ Textlexicon.NotFound ], caused in [ Linker2AlarmS ]
User Warning - Resource Id [ Textlexicon.NotFound ], caused in [ Linker2AlarmS ]
User Warning - Resource Id [ Textlexicon.NotFound ], caused in [ Linker2AlarmS ]
User Warning - Resource Id [ Textlexicon.NotFound ], caused in [ Linker2AlarmS ]
User Warning - Resource Id [ Textlexicon.NotFound ], caused in [ Linker2AlarmS ]
User Warning - Resource Id [ Textlexicon.NotFound ], caused in [ Linker2AlarmS ]
User Warning - Resource Id [ Textlexicon.NotFound ], caused in [ Linker2AlarmS ]
User Warning - Resource Id [ Textlexicon.NotFound ], caused in [ Linker2AlarmS ]
User Warning - Resource Id [ Textlexicon.NotFound ], caused in [ Linker2AlarmS ]
User Warning - Resource Id [ Textlexicon.NotFound ], caused in [ Linker2AlarmS ]
User Warning - Resource Id [ Textlexicon.NotFound ], caused in [ Linker2AlarmS ]
User Warning - Resource Id [ Textlexicon.NotFound ], caused in [ Linker2AlarmS ]
User Warning - Resource Id [ Textlexicon.NotFound ], caused in [ Linker2AlarmS ]
User Warning - Resource Id [ Textlexicon.NotFound ], caused in [ Linker2AlarmS ]
User Warning - Resource Id [ Textlexicon.NotFound ], caused in [ Linker2AlarmS ]
0 errors, 110 warnings - succeeded.

Writing "C:\Step7prj\UARR_R_3\HmiEs\PROJECT_1\PROJECT_1.MOP"...
Done.
